JARU_ANDROID/build/intermediates/manifest_merge_blame_file/release/processReleaseMainManifest/manifest-merger-blame-release-report.txt
1<?xml version="1.0" encoding="utf-8"?>
2<manifest xmlns:android="http://schemas.android.com/apk/res/android"
3    package="jaru.ori.GpsLogOri"
4    android:versionCode="10"
5    android:versionName="0.10" >
6
7    <uses-sdk
8        android:minSdkVersion="26"
9        android:targetSdkVersion="34" />
10
11    <uses-permission android:name="android.permission.READ_EXTERNAL_STORAGE" />
11-->src\main\AndroidManifest.xml:5:5-79
11-->src\main\AndroidManifest.xml:5:22-77
12    <uses-permission android:name="android.permission.BLUETOOTH" />
12-->src\main\AndroidManifest.xml:6:5-68
12-->src\main\AndroidManifest.xml:6:22-65
13    <uses-permission android:name="com.google.android.providers.gsf.permission.READ_GSERVICES" />
13-->src\main\AndroidManifest.xml:7:5-98
13-->src\main\AndroidManifest.xml:7:22-95
14    <uses-permission android:name="android.permission.ACCESS_COARSE_LOCATION" />
14-->src\main\AndroidManifest.xml:8:5-81
14-->src\main\AndroidManifest.xml:8:22-78
15    <uses-permission android:name="android.permission.ACCESS_FINE_LOCATION" />
15-->src\main\AndroidManifest.xml:9:5-79
15-->src\main\AndroidManifest.xml:9:22-76
16    <uses-permission android:name="android.permission.INTERNET" />
16-->src\main\AndroidManifest.xml:10:5-67
16-->src\main\AndroidManifest.xml:10:22-64
17    <uses-permission android:name="android.permission.ACCESS_NETWORK_STATE" />
17-->src\main\AndroidManifest.xml:11:5-79
17-->src\main\AndroidManifest.xml:11:22-76
18
19    <permission
19-->src\main\AndroidManifest.xml:13:5-15:47
20        android:name="jaru.ori.gui.gpslog.android.permission.MAPS_RECEIVE"
20-->src\main\AndroidManifest.xml:14:9-75
21        android:protectionLevel="signature" />
21-->src\main\AndroidManifest.xml:15:9-44
22
23    <uses-permission android:name="jaru.ori.gui.gpslog.android.permission.MAPS_RECEIVE" />
23-->src\main\AndroidManifest.xml:16:5-91
23-->src\main\AndroidManifest.xml:16:22-88
24
25    <uses-feature
25-->src\main\AndroidManifest.xml:18:5-20:35
26        android:glEsVersion="0x00020000"
26-->src\main\AndroidManifest.xml:19:9-41
27        android:required="true" />
27-->src\main\AndroidManifest.xml:20:9-32
28
29    <queries>
29-->[com.google.android.gms:play-services-maps:19.0.0] AndroidManifest.xml:30:5-34:15
30
31        <!-- Needs to be explicitly declared on Android R+ -->
32        <package android:name="com.google.android.apps.maps" />
32-->[com.google.android.gms:play-services-maps:19.0.0] AndroidManifest.xml:33:9-64
32-->[com.google.android.gms:play-services-maps:19.0.0] AndroidManifest.xml:33:18-61
33    </queries>
34
35    <permission
35-->[androidx.core:core:1.13.0] AndroidManifest.xml:22:5-24:47
36        android:name="jaru.ori.GpsLogOri.DYNAMIC_RECEIVER_NOT_EXPORTED_PERMISSION"
36-->[androidx.core:core:1.13.0] AndroidManifest.xml:23:9-81
37        android:protectionLevel="signature" />
37-->[androidx.core:core:1.13.0] AndroidManifest.xml:24:9-44
38
39    <uses-permission android:name="jaru.ori.GpsLogOri.DYNAMIC_RECEIVER_NOT_EXPORTED_PERMISSION" />
39-->[androidx.core:core:1.13.0] AndroidManifest.xml:26:5-97
39-->[androidx.core:core:1.13.0] AndroidManifest.xml:26:22-94
40
41    <application
41-->src\main\AndroidManifest.xml:22:5-206:19
42        android:appComponentFactory="androidx.core.app.CoreComponentFactory"
42-->[androidx.core:core:1.13.0] AndroidManifest.xml:28:18-86
43        android:extractNativeLibs="false"
44        android:icon="@drawable/ic_launcher"
44-->src\main\AndroidManifest.xml:23:9-45
45        android:label="@string/app_name" >
45-->src\main\AndroidManifest.xml:24:9-41
46        <activity
46-->src\main\AndroidManifest.xml:25:9-33:20
47            android:name="jaru.ori.gui.gpslog.android.APrincipal"
47-->src\main\AndroidManifest.xml:26:13-39
48            android:exported="true" >
48-->src\main\AndroidManifest.xml:27:13-36
49            <intent-filter>
49-->src\main\AndroidManifest.xml:28:13-32:29
50                <action android:name="android.intent.action.MAIN" />
50-->src\main\AndroidManifest.xml:29:17-69
50-->src\main\AndroidManifest.xml:29:25-66
51
52                <category android:name="android.intent.category.LAUNCHER" />
52-->src\main\AndroidManifest.xml:31:17-77
52-->src\main\AndroidManifest.xml:31:27-74
53            </intent-filter>
54        </activity>
55        <activity
55-->src\main\AndroidManifest.xml:35:9-43:20
56            android:name="jaru.ori.gui.gpslog.android.ACambiaParametros"
56-->src\main\AndroidManifest.xml:36:13-73
57            android:exported="true"
57-->src\main\AndroidManifest.xml:38:13-36
58            android:label="@string/ORI_TPARAM" >
58-->src\main\AndroidManifest.xml:37:13-47
59            <intent-filter>
59-->src\main\AndroidManifest.xml:39:13-42:29
60                <action android:name="jaru.ori.gui.gpslog.android.ACambiaParametros" />
60-->src\main\AndroidManifest.xml:40:17-88
60-->src\main\AndroidManifest.xml:40:25-85
61
62                <category android:name="android.intent.category.DEFAULT" />
62-->src\main\AndroidManifest.xml:41:17-76
62-->src\main\AndroidManifest.xml:41:27-73
63            </intent-filter>
64        </activity>
65        <activity
65-->src\main\AndroidManifest.xml:44:9-52:20
66            android:name="jaru.ori.gui.gpslog.android.ACentroide"
66-->src\main\AndroidManifest.xml:45:13-66
67            android:exported="true"
67-->src\main\AndroidManifest.xml:47:13-36
68            android:label="@string/ORI_TCENTROIDE" >
68-->src\main\AndroidManifest.xml:46:13-51
69            <intent-filter>
69-->src\main\AndroidManifest.xml:48:13-51:29
70                <action android:name="jaru.ori.gui.gpslog.android.ACentroide" />
70-->src\main\AndroidManifest.xml:49:17-81
70-->src\main\AndroidManifest.xml:49:25-78
71
72                <category android:name="android.intent.category.DEFAULT" />
72-->src\main\AndroidManifest.xml:41:17-76
72-->src\main\AndroidManifest.xml:41:27-73
73            </intent-filter>
74        </activity>
75        <activity
75-->src\main\AndroidManifest.xml:53:9-61:20
76            android:name="jaru.ori.gui.gpslog.android.AConfCampo"
76-->src\main\AndroidManifest.xml:54:13-66
77            android:exported="true"
77-->src\main\AndroidManifest.xml:56:13-36
78            android:label="@string/ORI_TCONFCAMPO" >
78-->src\main\AndroidManifest.xml:55:13-51
79            <intent-filter>
79-->src\main\AndroidManifest.xml:57:13-60:29
80                <action android:name="jaru.ori.gui.gpslog.android.AConfCampo" />
80-->src\main\AndroidManifest.xml:58:17-81
80-->src\main\AndroidManifest.xml:58:25-78
81
82                <category android:name="android.intent.category.DEFAULT" />
82-->src\main\AndroidManifest.xml:41:17-76
82-->src\main\AndroidManifest.xml:41:27-73
83            </intent-filter>
84        </activity>
85        <activity
85-->src\main\AndroidManifest.xml:62:9-70:20
86            android:name="jaru.ori.gui.gpslog.android.AConfLocaliza"
86-->src\main\AndroidManifest.xml:63:13-69
87            android:exported="true"
87-->src\main\AndroidManifest.xml:65:13-36
88            android:label="@string/ORI_TCONFLOCALIZA" >
88-->src\main\AndroidManifest.xml:64:13-54
89            <intent-filter>
89-->src\main\AndroidManifest.xml:66:13-69:29
90                <action android:name="jaru.ori.gui.gpslog.android.AConfLocaliza" />
90-->src\main\AndroidManifest.xml:67:17-84
90-->src\main\AndroidManifest.xml:67:25-81
91
92                <category android:name="android.intent.category.DEFAULT" />
92-->src\main\AndroidManifest.xml:41:17-76
92-->src\main\AndroidManifest.xml:41:27-73
93            </intent-filter>
94        </activity>
95        <activity
95-->src\main\AndroidManifest.xml:71:9-79:20
96            android:name="jaru.ori.gui.gpslog.android.ADual"
96-->src\main\AndroidManifest.xml:72:13-61
97            android:exported="true"
97-->src\main\AndroidManifest.xml:74:13-36
98            android:label="@string/ORI_TDUAL" >
98-->src\main\AndroidManifest.xml:73:13-46
99            <intent-filter>
99-->src\main\AndroidManifest.xml:75:13-78:29
100                <action android:name="jaru.ori.gui.gpslog.android.ADual" />
100-->src\main\AndroidManifest.xml:76:17-76
100-->src\main\AndroidManifest.xml:76:25-73
101
102                <category android:name="android.intent.category.DEFAULT" />
102-->src\main\AndroidManifest.xml:41:17-76
102-->src\main\AndroidManifest.xml:41:27-73
103            </intent-filter>
104        </activity>
105        <activity
105-->src\main\AndroidManifest.xml:80:9-88:20
106            android:name="jaru.ori.gui.gpslog.android.AEditorCampo"
106-->src\main\AndroidManifest.xml:81:13-68
107            android:exported="true"
107-->src\main\AndroidManifest.xml:83:13-36
108            android:label="@string/ORI_TEDITOR" >
108-->src\main\AndroidManifest.xml:82:13-48
109            <intent-filter>
109-->src\main\AndroidManifest.xml:84:13-87:29
110                <action android:name="jaru.ori.gui.gpslog.android.AEditorCampo" />
110-->src\main\AndroidManifest.xml:85:17-83
110-->src\main\AndroidManifest.xml:85:25-80
111
112                <category android:name="android.intent.category.DEFAULT" />
112-->src\main\AndroidManifest.xml:41:17-76
112-->src\main\AndroidManifest.xml:41:27-73
113            </intent-filter>
114        </activity>
115        <activity
115-->src\main\AndroidManifest.xml:89:9-97:20
116            android:name="jaru.ori.gui.gpslog.android.AEliminarRegistros"
116-->src\main\AndroidManifest.xml:90:13-74
117            android:exported="true"
117-->src\main\AndroidManifest.xml:92:13-36
118            android:label="@string/ORI_TELIMINARLOG" >
118-->src\main\AndroidManifest.xml:91:13-53
119            <intent-filter>
119-->src\main\AndroidManifest.xml:93:13-96:29
120                <action android:name="jaru.ori.gui.gpslog.android.AEliminarRegistros" />
120-->src\main\AndroidManifest.xml:94:17-89
120-->src\main\AndroidManifest.xml:94:25-86
121
122                <category android:name="android.intent.category.DEFAULT" />
122-->src\main\AndroidManifest.xml:41:17-76
122-->src\main\AndroidManifest.xml:41:27-73
123            </intent-filter>
124        </activity>
125        <activity
125-->src\main\AndroidManifest.xml:98:9-106:20
126            android:name="jaru.ori.gui.gpslog.android.AGenerarGPX"
126-->src\main\AndroidManifest.xml:99:13-67
127            android:exported="true"
127-->src\main\AndroidManifest.xml:101:13-36
128            android:label="@string/ORI_TEXPGPX" >
128-->src\main\AndroidManifest.xml:100:13-48
129            <intent-filter>
129-->src\main\AndroidManifest.xml:102:13-105:29
130                <action android:name="jaru.ori.gui.gpslog.android.AGenerarGPX" />
130-->src\main\AndroidManifest.xml:103:17-82
130-->src\main\AndroidManifest.xml:103:25-79
131
132                <category android:name="android.intent.category.DEFAULT" />
132-->src\main\AndroidManifest.xml:41:17-76
132-->src\main\AndroidManifest.xml:41:27-73
133            </intent-filter>
134        </activity>
135        <activity
135-->src\main\AndroidManifest.xml:107:9-115:20
136            android:name="jaru.ori.gui.gpslog.android.AGenerarOCAD"
136-->src\main\AndroidManifest.xml:108:13-68
137            android:exported="true"
137-->src\main\AndroidManifest.xml:110:13-36
138            android:label="@string/ORI_TEXPOCAD" >
138-->src\main\AndroidManifest.xml:109:13-49
139            <intent-filter>
139-->src\main\AndroidManifest.xml:111:13-114:29
140                <action android:name="jaru.ori.gui.gpslog.android.AGenerarOCAD" />
140-->src\main\AndroidManifest.xml:112:17-83
140-->src\main\AndroidManifest.xml:112:25-80
141
142                <category android:name="android.intent.category.DEFAULT" />
142-->src\main\AndroidManifest.xml:41:17-76
142-->src\main\AndroidManifest.xml:41:27-73
143            </intent-filter>
144        </activity>
145        <activity
145-->src\main\AndroidManifest.xml:116:9-124:20
146            android:name="jaru.ori.gui.gpslog.android.AImportarGPX"
146-->src\main\AndroidManifest.xml:117:13-68
147            android:exported="true"
147-->src\main\AndroidManifest.xml:119:13-36
148            android:label="@string/ORI_TIMPGPX" >
148-->src\main\AndroidManifest.xml:118:13-48
149            <intent-filter>
149-->src\main\AndroidManifest.xml:120:13-123:29
150                <action android:name="jaru.ori.gui.gpslog.android.AImportarGPX" />
150-->src\main\AndroidManifest.xml:121:17-83
150-->src\main\AndroidManifest.xml:121:25-80
151
152                <category android:name="android.intent.category.DEFAULT" />
152-->src\main\AndroidManifest.xml:41:17-76
152-->src\main\AndroidManifest.xml:41:27-73
153            </intent-filter>
154        </activity>
155        <activity
155-->src\main\AndroidManifest.xml:125:9-133:20
156            android:name="jaru.ori.gui.gpslog.android.ALectura"
156-->src\main\AndroidManifest.xml:126:13-64
157            android:exported="true"
157-->src\main\AndroidManifest.xml:128:13-36
158            android:label="@string/ORI_TLECTURA" >
158-->src\main\AndroidManifest.xml:127:13-49
159            <intent-filter>
159-->src\main\AndroidManifest.xml:129:13-132:29
160                <action android:name="jaru.ori.gui.gpslog.android.ALectura" />
160-->src\main\AndroidManifest.xml:130:17-79
160-->src\main\AndroidManifest.xml:130:25-76
161
162                <category android:name="android.intent.category.DEFAULT" />
162-->src\main\AndroidManifest.xml:41:17-76
162-->src\main\AndroidManifest.xml:41:27-73
163            </intent-filter>
164        </activity>
165        <activity
165-->src\main\AndroidManifest.xml:134:9-142:20
166            android:name="jaru.ori.gui.gpslog.android.AListadoNMEA"
166-->src\main\AndroidManifest.xml:135:13-68
167            android:exported="true"
167-->src\main\AndroidManifest.xml:137:13-36
168            android:label="@string/ORI_TLISTANMEA" >
168-->src\main\AndroidManifest.xml:136:13-51
169            <intent-filter>
169-->src\main\AndroidManifest.xml:138:13-141:29
170                <action android:name="jaru.ori.gui.gpslog.android.AListadoNMEA" />
170-->src\main\AndroidManifest.xml:139:17-83
170-->src\main\AndroidManifest.xml:139:25-80
171
172                <category android:name="android.intent.category.DEFAULT" />
172-->src\main\AndroidManifest.xml:41:17-76
172-->src\main\AndroidManifest.xml:41:27-73
173            </intent-filter>
174        </activity>
175        <activity
175-->src\main\AndroidManifest.xml:143:9-151:20
176            android:name="jaru.ori.gui.gpslog.android.ALog"
176-->src\main\AndroidManifest.xml:144:13-60
177            android:exported="true"
177-->src\main\AndroidManifest.xml:146:13-36
178            android:label="@string/ORI_TLOG" >
178-->src\main\AndroidManifest.xml:145:13-45
179            <intent-filter>
179-->src\main\AndroidManifest.xml:147:13-150:29
180                <action android:name="jaru.ori.gui.gpslog.android.ALog" />
180-->src\main\AndroidManifest.xml:148:17-75
180-->src\main\AndroidManifest.xml:148:25-72
181
182                <category android:name="android.intent.category.DEFAULT" />
182-->src\main\AndroidManifest.xml:41:17-76
182-->src\main\AndroidManifest.xml:41:27-73
183            </intent-filter>
184        </activity>
185        <activity
185-->src\main\AndroidManifest.xml:152:9-160:20
186            android:name="jaru.ori.gui.gpslog.android.ASelIds"
186-->src\main\AndroidManifest.xml:153:13-63
187            android:exported="true"
187-->src\main\AndroidManifest.xml:155:13-36
188            android:label="@string/ORI_TSELIDS" >
188-->src\main\AndroidManifest.xml:154:13-48
189            <intent-filter>
189-->src\main\AndroidManifest.xml:156:13-159:29
190                <action android:name="jaru.ori.gui.gpslog.android.ASelIds" />
190-->src\main\AndroidManifest.xml:157:17-78
190-->src\main\AndroidManifest.xml:157:25-75
191
192                <category android:name="android.intent.category.DEFAULT" />
192-->src\main\AndroidManifest.xml:41:17-76
192-->src\main\AndroidManifest.xml:41:27-73
193            </intent-filter>
194        </activity>
195        <activity
195-->src\main\AndroidManifest.xml:161:9-169:20
196            android:name="jaru.ori.gui.gpslog.android.ASelOCAD"
196-->src\main\AndroidManifest.xml:162:13-64
197            android:exported="true"
197-->src\main\AndroidManifest.xml:164:13-36
198            android:label="@string/ORI_TSELOCAD" >
198-->src\main\AndroidManifest.xml:163:13-49
199            <intent-filter>
199-->src\main\AndroidManifest.xml:165:13-168:29
200                <action android:name="jaru.ori.gui.gpslog.android.ASelOCAD" />
200-->src\main\AndroidManifest.xml:166:17-79
200-->src\main\AndroidManifest.xml:166:25-76
201
202                <category android:name="android.intent.category.DEFAULT" />
202-->src\main\AndroidManifest.xml:41:17-76
202-->src\main\AndroidManifest.xml:41:27-73
203            </intent-filter>
204        </activity>
205        <activity
205-->src\main\AndroidManifest.xml:170:9-178:20
206            android:name="jaru.ori.gui.gpslog.android.ASplashScreen"
206-->src\main\AndroidManifest.xml:171:13-69
207            android:exported="true"
207-->src\main\AndroidManifest.xml:173:13-36
208            android:label="@string/ORI_TSPLASH" >
208-->src\main\AndroidManifest.xml:172:13-48
209            <intent-filter>
209-->src\main\AndroidManifest.xml:174:13-177:29
210                <action android:name="jaru.ori.gui.gpslog.android.ASplashScreen" />
210-->src\main\AndroidManifest.xml:175:17-84
210-->src\main\AndroidManifest.xml:175:25-81
211
212                <category android:name="android.intent.category.DEFAULT" />
212-->src\main\AndroidManifest.xml:41:17-76
212-->src\main\AndroidManifest.xml:41:27-73
213            </intent-filter>
214        </activity>
215        <activity
215-->src\main\AndroidManifest.xml:179:9-187:20
216            android:name="jaru.ori.gui.gpslog.android.ATestConn"
216-->src\main\AndroidManifest.xml:180:13-65
217            android:exported="true"
217-->src\main\AndroidManifest.xml:182:13-36
218            android:label="@string/ORI_TTESTCONN" >
218-->src\main\AndroidManifest.xml:181:13-50
219            <intent-filter>
219-->src\main\AndroidManifest.xml:183:13-186:29
220                <action android:name="jaru.ori.gui.gpslog.android.ATestConn" />
220-->src\main\AndroidManifest.xml:184:17-80
220-->src\main\AndroidManifest.xml:184:25-77
221
222                <category android:name="android.intent.category.DEFAULT" />
222-->src\main\AndroidManifest.xml:41:17-76
222-->src\main\AndroidManifest.xml:41:27-73
223            </intent-filter>
224        </activity>
225        <activity
225-->src\main\AndroidManifest.xml:188:9-196:20
226            android:name="jaru.ori.gui.gpslog.android.AVerMapa"
226-->src\main\AndroidManifest.xml:189:13-64
227            android:exported="true"
227-->src\main\AndroidManifest.xml:191:13-36
228            android:label="@string/ORI_TVERMAPA" >
228-->src\main\AndroidManifest.xml:190:13-49
229            <intent-filter>
229-->src\main\AndroidManifest.xml:192:13-195:29
230                <action android:name="jaru.ori.gui.gpslog.android.AVerMapa" />
230-->src\main\AndroidManifest.xml:193:17-79
230-->src\main\AndroidManifest.xml:193:25-76
231
232                <category android:name="android.intent.category.DEFAULT" />
232-->src\main\AndroidManifest.xml:41:17-76
232-->src\main\AndroidManifest.xml:41:27-73
233            </intent-filter>
234        </activity>
235
236        <meta-data
236-->src\main\AndroidManifest.xml:199:9-201:69
237            android:name="com.google.android.gms.version"
237-->src\main\AndroidManifest.xml:200:13-58
238            android:value="@integer/google_play_services_version" />
238-->src\main\AndroidManifest.xml:201:13-66
239        <meta-data
239-->src\main\AndroidManifest.xml:202:9-204:71
240            android:name="com.google.android.maps.v2.API_KEY"
240-->src\main\AndroidManifest.xml:203:13-62
241            android:value="AIzaSyD0wpOyLys1yv3JD1aoiRBiNZfdCpTmFWQ" />
241-->src\main\AndroidManifest.xml:204:13-68
242
243        <!-- Needs to be explicitly declared on P+ -->
244        <uses-library
244-->[com.google.android.gms:play-services-maps:19.0.0] AndroidManifest.xml:39:9-41:40
245            android:name="org.apache.http.legacy"
245-->[com.google.android.gms:play-services-maps:19.0.0] AndroidManifest.xml:40:13-50
246            android:required="false" />
246-->[com.google.android.gms:play-services-maps:19.0.0] AndroidManifest.xml:41:13-37
247
248        <activity
248-->[com.google.android.gms:play-services-base:18.5.0] AndroidManifest.xml:5:9-173
249            android:name="com.google.android.gms.common.api.GoogleApiActivity"
249-->[com.google.android.gms:play-services-base:18.5.0] AndroidManifest.xml:5:19-85
250            android:exported="false"
250-->[com.google.android.gms:play-services-base:18.5.0] AndroidManifest.xml:5:146-170
251            android:theme="@android:style/Theme.Translucent.NoTitleBar" />
251-->[com.google.android.gms:play-services-base:18.5.0] AndroidManifest.xml:5:86-145
252
253        <provider
253-->[androidx.emoji2:emoji2:1.2.0] AndroidManifest.xml:24:9-32:20
254            android:name="androidx.startup.InitializationProvider"
254-->[androidx.emoji2:emoji2:1.2.0] AndroidManifest.xml:25:13-67
255            android:authorities="jaru.ori.GpsLogOri.androidx-startup"
255-->[androidx.emoji2:emoji2:1.2.0] AndroidManifest.xml:26:13-68
256            android:exported="false" >
256-->[androidx.emoji2:emoji2:1.2.0] AndroidManifest.xml:27:13-37
257            <meta-data
257-->[androidx.emoji2:emoji2:1.2.0] AndroidManifest.xml:29:13-31:52
258                android:name="androidx.emoji2.text.EmojiCompatInitializer"
258-->[androidx.emoji2:emoji2:1.2.0] AndroidManifest.xml:30:17-75
259                android:value="androidx.startup" />
259-->[androidx.emoji2:emoji2:1.2.0] AndroidManifest.xml:31:17-49
260            <meta-data
260-->[androidx.lifecycle:lifecycle-process:2.6.2] AndroidManifest.xml:29:13-31:52
261                android:name="androidx.lifecycle.ProcessLifecycleInitializer"
261-->[androidx.lifecycle:lifecycle-process:2.6.2] AndroidManifest.xml:30:17-78
262                android:value="androidx.startup" />
262-->[androidx.lifecycle:lifecycle-process:2.6.2] AndroidManifest.xml:31:17-49
263            <meta-data
263-->[androidx.profileinstaller:profileinstaller:1.3.0] AndroidManifest.xml:29:13-31:52
264                android:name="androidx.profileinstaller.ProfileInstallerInitializer"
264-->[androidx.profileinstaller:profileinstaller:1.3.0] AndroidManifest.xml:30:17-85
265                android:value="androidx.startup" />
265-->[androidx.profileinstaller:profileinstaller:1.3.0] AndroidManifest.xml:31:17-49
266        </provider>
267
268        <receiver
268-->[androidx.profileinstaller:profileinstaller:1.3.0] AndroidManifest.xml:34:9-52:20
269            android:name="androidx.profileinstaller.ProfileInstallReceiver"
269-->[androidx.profileinstaller:profileinstaller:1.3.0] AndroidManifest.xml:35:13-76
270            android:directBootAware="false"
270-->[androidx.profileinstaller:profileinstaller:1.3.0] AndroidManifest.xml:36:13-44
271            android:enabled="true"
271-->[androidx.profileinstaller:profileinstaller:1.3.0] AndroidManifest.xml:37:13-35
272            android:exported="true"
272-->[androidx.profileinstaller:profileinstaller:1.3.0] AndroidManifest.xml:38:13-36
273            android:permission="android.permission.DUMP" >
273-->[androidx.profileinstaller:profileinstaller:1.3.0] AndroidManifest.xml:39:13-57
274            <intent-filter>
274-->[androidx.profileinstaller:profileinstaller:1.3.0] AndroidManifest.xml:40:13-42:29
275                <action android:name="androidx.profileinstaller.action.INSTALL_PROFILE" />
275-->[androidx.profileinstaller:profileinstaller:1.3.0] AndroidManifest.xml:41:17-91
275-->[androidx.profileinstaller:profileinstaller:1.3.0] AndroidManifest.xml:41:25-88
276            </intent-filter>
277            <intent-filter>
277-->[androidx.profileinstaller:profileinstaller:1.3.0] AndroidManifest.xml:43:13-45:29
278                <action android:name="androidx.profileinstaller.action.SKIP_FILE" />
278-->[androidx.profileinstaller:profileinstaller:1.3.0] AndroidManifest.xml:44:17-85
278-->[androidx.profileinstaller:profileinstaller:1.3.0] AndroidManifest.xml:44:25-82
279            </intent-filter>
280            <intent-filter>
280-->[androidx.profileinstaller:profileinstaller:1.3.0] AndroidManifest.xml:46:13-48:29
281                <action android:name="androidx.profileinstaller.action.SAVE_PROFILE" />
281-->[androidx.profileinstaller:profileinstaller:1.3.0] AndroidManifest.xml:47:17-88
281-->[androidx.profileinstaller:profileinstaller:1.3.0] AndroidManifest.xml:47:25-85
282            </intent-filter>
283            <intent-filter>
283-->[androidx.profileinstaller:profileinstaller:1.3.0] AndroidManifest.xml:49:13-51:29
284                <action android:name="androidx.profileinstaller.action.BENCHMARK_OPERATION" />
284-->[androidx.profileinstaller:profileinstaller:1.3.0] AndroidManifest.xml:50:17-95
284-->[androidx.profileinstaller:profileinstaller:1.3.0] AndroidManifest.xml:50:25-92
285            </intent-filter>
286        </receiver>
287    </application>
288
289</manifest>